[DEBUG][2018-11-28 00:20:31] [Map.The.MapControl 115] AHP=500
[DEBUG][2018-11-28 00:20:31] [Map.The.MapControl 115] BHP=500
[DEBUG][2018-11-28 00:20:31] [Map.The.MapControl 115] BHP=500
[DEBUG][2018-11-28 00:20:31] [Map.The.MapControl 115] AHP=500
[DEBUG][2018-11-28 00:20:31] [Map.The.MapControl 115] BHP=500
[DEBUG][2018-11-28 00:20:32] [Map.The.MapControl 139] add HouYipos(18,0)
[DEBUG][2018-11-28 00:20:32] [Map.The.MapControl 115] AHP=500
[DEBUG][2018-11-28 00:20:32] [Map.The.MapControl 115] AHP=500
[DEBUG][2018-11-28 00:20:32] [Map.The.MapControl 115] BHP=500
[DEBUG][2018-11-28 00:20:32] [Map.The.MapControl 115] BHP=500
[DEBUG][2018-11-28 00:20:32] [Map.The.MapControl 115] AHP=500
[DEBUG][2018-11-28 00:20:32] [Map.The.MapControl 115] BHP=500
[DEBUG][2018-11-28 00:20:32] [Map.The.MapControl 115] AHP=500
[DEBUG][2018-11-28 00:20:33] [Map.The.MapControl 139] add HouYipos(19,5)
[DEBUG][2018-11-28 00:20:33] [Map.The.MapControl 115] AHP=500
[DEBUG][2018-11-28 00:20:33] [Map.The.MapControl 115] AHP=500
[DEBUG][2018-11-28 00:20:33] [Map.The.MapControl 115] BHP=500
[DEBUG][2018-11-28 00:20:33] [Map.The.MapControl 115] BHP=500
[DEBUG][2018-11-28 00:20:33] [Map.The.MapControl 115] AHP=500
[DEBUG][2018-11-28 00:20:33] [Map.The.MapControl 115] BHP=500
[DEBUG][2018-11-28 00:20:33] [Map.The.MapControl 115] AHP=500
[DEBUG][2018-11-28 00:20:33] [Map.The.MapControl 115] BHP=500
[DEBUG][2018-11-28 00:20:34] [Map.The.MapControl 147] move to pos(14,0)
[DEBUG][2018-11-28 00:20:34] [Map.The.MapControl 84] move
[DEBUG][2018-11-28 00:20:34] [Map.The.MapControl 115] AHP=500
[DEBUG][2018-11-28 00:20:34] [Map.The.MapControl 115] AHP=500
[DEBUG][2018-11-28 00:20:34] [Map.The.MapControl 115] BHP=500
[DEBUG][2018-11-28 00:20:34] [Map.The.MapControl 115] BHP=500
[DEBUG][2018-11-28 00:20:34] [Map.The.MapControl 115] AHP=500
[DEBUG][2018-11-28 00:20:34] [Map.The.MapControl 115] BHP=500
[DEBUG][2018-11-28 00:20:34] [Map.The.MapControl 115] AHP=500
[DEBUG][2018-11-28 00:20:34] [Map.The.MapControl 115] BHP=500
