[DEBUG][2018-11-12 20:57:59] [Map.The.MapControl 154] Ause active skill
[DEBUG][2018-11-12 20:58:53] [Map.The.MapControl 133] add HouYipos(19,0)
[DEBUG][2018-11-12 20:58:54] [Map.The.MapControl 133] add LuBanQiHaopos(19,5)
[DEBUG][2018-11-12 20:58:55] [Map.The.MapControl 145] move to pos(18,0)
[DEBUG][2018-11-12 20:58:55] [Map.The.MapControl 74] move
[DEBUG][2018-11-12 20:58:56] [Map.The.MapControl 154] A use active skill
[DEBUG][2018-11-12 20:59:33] [Map.The.MapControl 133] add HouYipos(19,0)
[DEBUG][2018-11-12 20:59:34] [Map.The.MapControl 133] add LuBanQiHaopos(19,5)
[DEBUG][2018-11-12 20:59:35] [Map.The.MapControl 145] move to pos(18,0)
[DEBUG][2018-11-12 20:59:35] [Map.The.MapControl 74] move
[DEBUG][2018-11-12 20:59:36] [Map.The.MapControl 154] A use active skill
[DEBUG][2018-11-12 21:00:24] [Map.The.MapControl 133] add HouYipos(19,0)
[DEBUG][2018-11-12 21:00:25] [Map.The.MapControl 133] add LuBanQiHaopos(19,5)
[DEBUG][2018-11-12 21:00:26] [Map.The.MapControl 145] move to pos(18,0)
[DEBUG][2018-11-12 21:00:26] [Map.The.MapControl 74] move
[DEBUG][2018-11-12 21:00:27] [Map.The.MapControl 154] A use active skill
[DEBUG][2018-11-12 21:16:07] [Map.The.MapControl 133] add HouYipos(19,0)
[DEBUG][2018-11-12 21:16:08] [Map.The.MapControl 133] add LuBanQiHaopos(19,5)
[DEBUG][2018-11-12 21:16:09] [Map.The.MapControl 145] move to pos(18,0)
[DEBUG][2018-11-12 21:16:09] [Map.The.MapControl 74] move
[DEBUG][2018-11-12 21:20:59] [Map.The.MapControl 133] add HouYipos(19,0)
[DEBUG][2018-11-12 21:21:00] [Map.The.MapControl 133] add LuBanQiHaopos(19,5)
[DEBUG][2018-11-12 21:21:01] [Map.The.MapControl 145] move to pos(18,0)
[DEBUG][2018-11-12 21:21:01] [Map.The.MapControl 74] move
[DEBUG][2018-11-12 21:21:02] [Map.The.MapControl 154] A use active skill
[DEBUG][2018-11-12 21:21:34] [Map.The.MapControl 133] add HouYipos(19,0)
[DEBUG][2018-11-12 21:21:35] [Map.The.MapControl 133] add LuBanQiHaopos(19,5)
[DEBUG][2018-11-12 21:21:36] [Map.The.MapControl 145] move to pos(18,0)
[DEBUG][2018-11-12 21:21:36] [Map.The.MapControl 74] move
