[DEBUG][2018-11-12 21:21:37] [Map.The.MapControl 154] A use active skill
[DEBUG][2018-11-12 21:23:00] [Map.The.MapControl 133] add HouYipos(19,0)
[DEBUG][2018-11-12 21:23:01] [Map.The.MapControl 133] add LuBanQiHaopos(19,5)
[DEBUG][2018-11-12 21:23:02] [Map.The.MapControl 145] move to pos(18,0)
[DEBUG][2018-11-12 21:23:02] [Map.The.MapControl 74] move
[DEBUG][2018-11-12 21:23:03] [Map.The.MapControl 154] A use active skill
[DEBUG][2018-11-12 21:25:43] [Map.The.MapControl 133] add HouYipos(19,0)
[DEBUG][2018-11-12 21:25:44] [Map.The.MapControl 133] add LuBanQiHaopos(19,5)
[DEBUG][2018-11-12 21:25:45] [Map.The.MapControl 145] move to pos(18,0)
[DEBUG][2018-11-12 21:25:45] [Map.The.MapControl 74] move
[DEBUG][2018-11-12 21:25:46] [Map.The.MapControl 154] A use active skill
[DEBUG][2018-11-12 21:28:20] [Map.The.MapControl 134] add HouYipos(19,0)
[DEBUG][2018-11-12 21:28:21] [Map.The.MapControl 134] add LuBanQiHaopos(19,5)
[DEBUG][2018-11-12 21:28:22] [Map.The.MapControl 146] move to pos(18,0)
[DEBUG][2018-11-12 21:28:22] [Map.The.MapControl 75] move
[DEBUG][2018-11-12 21:28:23] [Map.The.MapControl 155] A use active skill
[DEBUG][2018-11-12 21:29:14] [Map.The.MapControl 134] add HouYipos(19,0)
[DEBUG][2018-11-12 21:29:15] [Map.The.MapControl 134] add LuBanQiHaopos(19,5)
[DEBUG][2018-11-12 21:29:16] [Map.The.MapControl 146] move to pos(18,0)
[DEBUG][2018-11-12 21:29:16] [Map.The.MapControl 75] move
[DEBUG][2018-11-12 21:29:17] [Map.The.MapControl 155] A use active skill
[DEBUG][2018-11-12 22:29:21] [Map.The.MapControl 134] add HouYipos(19,0)
[DEBUG][2018-11-12 22:29:22] [Map.The.MapControl 134] add LuBanQiHaopos(19,5)
[DEBUG][2018-11-12 22:29:23] [Map.The.MapControl 146] move to pos(18,0)
[DEBUG][2018-11-12 22:29:23] [Map.The.MapControl 75] move
[DEBUG][2018-11-12 22:29:24] [Map.The.MapControl 155] A use active skill
[DEBUG][2018-11-12 22:59:31] [Map.The.MapControl 133] add HouYipos(19,0)
[DEBUG][2018-11-12 22:59:32] [Map.The.MapControl 133] add LuBanQiHaopos(19,5)
[DEBUG][2018-11-12 22:59:33] [Map.The.MapControl 145] move to pos(18,0)
