[DEBUG][2018-11-12 22:59:33] [Map.The.MapControl 74] move
[DEBUG][2018-11-12 22:59:34] [Map.The.MapControl 154] A use active skill
[DEBUG][2018-11-12 22:59:49] [Map.The.MapControl 133] add HouYipos(19,0)
[DEBUG][2018-11-12 22:59:50] [Map.The.MapControl 133] add LuBanQiHaopos(19,5)
[DEBUG][2018-11-12 22:59:51] [Map.The.MapControl 145] move to pos(18,0)
[DEBUG][2018-11-12 22:59:51] [Map.The.MapControl 74] move
[DEBUG][2018-11-12 22:59:52] [Map.The.MapControl 154] A use active skill
[DEBUG][2018-11-12 23:59:21] [Map.The.MapControl 133] add HouYipos(19,0)
[DEBUG][2018-11-12 23:59:21] [Map.The.MapControl 105] AHP=500
[DEBUG][2018-11-12 23:59:22] [Map.The.MapControl 133] add LuBanQiHaopos(19,5)
[DEBUG][2018-11-12 23:59:22] [Map.The.MapControl 105] AHP=500
[DEBUG][2018-11-12 23:59:36] [Map.The.MapControl 133] add HouYipos(19,0)
[DEBUG][2018-11-12 23:59:37] [Map.The.MapControl 133] add LuBanQiHaopos(19,5)
[DEBUG][2018-11-12 23:59:38] [Map.The.MapControl 145] move to pos(18,0)
[DEBUG][2018-11-12 23:59:38] [Map.The.MapControl 74] move
[DEBUG][2018-11-12 23:59:39] [Map.The.MapControl 154] A use active skill
[DEBUG][2018-11-12 23:59:54] [Map.The.MapControl 133] add HouYipos(19,0)
[DEBUG][2018-11-12 23:59:55] [Map.The.MapControl 133] add LuBanQiHaopos(19,5)
[DEBUG][2018-11-12 23:59:56] [Map.The.MapControl 145] move to pos(18,0)
[DEBUG][2018-11-12 23:59:56] [Map.The.MapControl 74] move
[DEBUG][2018-11-12 23:59:57] [Map.The.MapControl 154] A use active skill
[DEBUG][2018-11-13 09:41:47] [Map.The.MapControl 134] add HouYipos(19,0)
[DEBUG][2018-11-13 09:41:48] [Map.The.MapControl 134] add LuBanQiHaopos(19,5)
[DEBUG][2018-11-13 09:41:49] [Map.The.MapControl 146] move to pos(18,0)
[DEBUG][2018-11-13 09:41:49] [Map.The.MapControl 75] move
[DEBUG][2018-11-13 09:41:50] [Map.The.MapControl 155] A use active skill
[DEBUG][2018-11-13 09:43:45] [Map.The.MapControl 136] add HouYipos(19,0)
[DEBUG][2018-11-13 09:44:20] [Map.The.MapControl 136] add HouYipos(19,0)
[DEBUG][2018-11-13 12:18:06] [Map.The.MapControl 131] add HouYipos(19,0)
