[DEBUG][2018-10-29 22:43:50] [Map.The.MapControl 35] add
[DEBUG][2018-10-29 22:46:06] [Map.The.MapControl 35] add
[DEBUG][2018-10-29 22:54:38] [Map.The.MapControl 96] add HouYipos(19,0)
[DEBUG][2018-10-29 22:54:38] [Map.The.MapControl 68] AHP=500
[DEBUG][2018-10-29 22:55:15] [Map.The.MapControl 108] move to pos(19,0)
[DEBUG][2018-10-29 22:55:15] [Map.The.MapControl 43] move
[DEBUG][2018-10-29 22:55:15] [Map.The.MapControl 68] AHP=500
[DEBUG][2018-10-29 22:56:27] [Map.The.MapControl 96] add HouYipos(19,0)
[DEBUG][2018-10-29 22:56:27] [Map.The.MapControl 68] AHP=500
[DEBUG][2018-10-29 22:56:37] [Map.The.MapControl 108] move to pos(18,0)
[DEBUG][2018-10-29 22:56:37] [Map.The.MapControl 43] move
[DEBUG][2018-10-29 22:56:37] [Map.The.MapControl 68] AHP=500
[DEBUG][2018-10-29 22:58:40] [Map.The.MapControl 96] add HouYipos(19,0)
[DEBUG][2018-10-29 22:58:40] [Map.The.MapControl 68] AHP=500
[DEBUG][2018-10-29 22:59:09] [Map.The.MapControl 68] AHP=500
[DEBUG][2018-10-29 22:59:26] [Map.The.MapControl 117] Ause active skill
[DEBUG][2018-10-29 22:59:26] [Map.The.MapControl 68] AHP=500
[DEBUG][2018-10-29 23:03:52] [Map.The.MapControl 96] add HouYipos(19,0)
[DEBUG][2018-10-29 23:03:52] [Map.The.MapControl 68] AHP=500
[DEBUG][2018-10-29 23:04:03] [Map.The.MapControl 117] Ause active skill
[DEBUG][2018-10-29 23:04:03] [Map.The.MapControl 68] AHP=500
[DEBUG][2018-10-29 23:05:34] [Map.The.MapControl 96] add HouYipos(19,0)
[DEBUG][2018-10-29 23:05:34] [Map.The.MapControl 68] AHP=500
[DEBUG][2018-10-29 23:05:42] [Map.The.MapControl 117] Ause active skill
[DEBUG][2018-10-29 23:05:42] [Map.The.MapControl 68] AHP=500
[DEBUG][2018-10-29 23:10:43] [Map.The.MapControl 96] add HouYipos(19,0)
[DEBUG][2018-10-29 23:10:43] [Map.The.MapControl 68] AHP=500
[DEBUG][2018-10-29 23:13:49] [Map.The.MapControl 96] add HouYipos(19,0)
[DEBUG][2018-10-29 23:13:49] [Map.The.MapControl 68] AHP=500
[DEBUG][2018-10-29 23:14:22] [Map.The.MapControl 96] add HouYipos(19,0)
[DEBUG][2018-10-29 23:14:22] [Map.The.MapControl 68] AHP=500
